<?xml version="1.0" encoding="UTF-8"?>
<!-- Generated by org.testng.reporters.JUnitReportReporter -->
<testsuite skipped="0" hostname="LAPTOP-FTITMHH4" name="qaautomation.tugas2021.APITest" tests="1" failures="0" timestamp="05 Oct 2021 09:36:06 GMT" time="1.538" errors="0">
  <testcase name="signupAPI" time="1.538" classname="qaautomation.tugas2021.APITest"/>
</testsuite> <!-- qaautomation.tugas2021.APITest -->
